<?xml version="1.0" encoding="UTF-8"?>
<!-- Generated by org.testng.reporters.JUnitReportReporter -->
<testsuite hostname="hussein" failures="0" tests="5" name="com.qacart.todo.UserTest" time="30.125" errors="0" timestamp="2023-03-28T13:33:20 EET" skipped="0">
  <testcase classname="com.qacart.todo.UserTest" name="shouldNotBeAbleToRegisterWithTheSameEmail" time="6.487"/>
  <system-out/>
  <testcase classname="com.qacart.todo.UserTest" name="LoginTest" time="6.439"/>
  <system-out/>
  <testcase classname="com.qacart.todo.UserTest" name="shouldBeAbleToRegister" time="5.919"/>
  <system-out/>
  <testcase classname="com.qacart.todo.UserTest" name="getAllUsers" time="5.028"/>
  <system-out/>
  <testcase classname="com.qacart.todo.UserTest" name="shouldNotBeLoginWithIncorrectPassword" time="6.252"/>
  <system-out/>
</testsuite> <!-- com.qacart.todo.UserTest -->
