<?xml version="1.0" encoding="UTF-8"?>
<!-- Generated by org.testng.reporters.JUnitReportReporter -->
<testsuite hostname="hussein" failures="0" tests="5" name="com.qacart.todo.TodoTest" time="40.384" errors="0" timestamp="2023-03-28T13:33:20 EET" skipped="0">
  <testcase classname="com.qacart.todo.TodoTest" name="AddTodo" time="7.815"/>
  <system-out/>
  <testcase classname="com.qacart.todo.TodoTest" name="shouldNotAddTodoIfIsCompletedMissing" time="7.803"/>
  <system-out/>
  <testcase classname="com.qacart.todo.TodoTest" name="getAllTodos" time="7.773"/>
  <system-out/>
  <testcase classname="com.qacart.todo.TodoTest" name="deleteTodoByID" time="8.500"/>
  <system-out/>
  <testcase classname="com.qacart.todo.TodoTest" name="getTodoByID" time="8.493"/>
  <system-out/>
</testsuite> <!-- com.qacart.todo.TodoTest -->
