<?xml version="1.0" encoding="UTF-8"?>
<!-- Generated by org.testng.reporters.JUnitReportReporter -->
<testsuite hostname="hussein" failures="0" tests="5" name="com.qacart.todo.TodoTest" time="54.653" errors="0" timestamp="2023-03-27T12:06:41 EET" skipped="0">
  <testcase classname="com.qacart.todo.TodoTest" name="shouldNotAddTodoIfIsCompletedMissing" time="10.599"/>
  <system-out/>
  <testcase classname="com.qacart.todo.TodoTest" name="deleteTodoByID" time="11.415"/>
  <system-out/>
  <testcase classname="com.qacart.todo.TodoTest" name="getAllTodos" time="10.592"/>
  <system-out/>
  <testcase classname="com.qacart.todo.TodoTest" name="AddTodo" time="10.667"/>
  <system-out/>
  <testcase classname="com.qacart.todo.TodoTest" name="getTodoByID" time="11.380"/>
  <system-out/>
</testsuite> <!-- com.qacart.todo.TodoTest -->
