<?xml version="1.0" encoding="UTF-8"?>
<!-- Generated by org.testng.reporters.JUnitReportReporter -->
<testsuite hostname="hussein" failures="0" tests="5" name="com.qacart.todo.UserTest" time="40.910" errors="0" timestamp="2023-03-27T12:06:41 EET" skipped="0">
  <testcase classname="com.qacart.todo.UserTest" name="getAllUsers" time="7.288"/>
  <system-out/>
  <testcase classname="com.qacart.todo.UserTest" name="LoginTest" time="8.601"/>
  <system-out/>
  <testcase classname="com.qacart.todo.UserTest" name="shouldNotBeLoginWithIncorrectPassword" time="8.210"/>
  <system-out/>
  <testcase classname="com.qacart.todo.UserTest" name="shouldNotBeAbleToRegisterWithTheSameEmail" time="8.601"/>
  <system-out/>
  <testcase classname="com.qacart.todo.UserTest" name="shouldBeAbleToRegister" time="8.210"/>
  <system-out/>
</testsuite> <!-- com.qacart.todo.UserTest -->
